[2017-02-18 13:45:38] my_logger.INFO: Answers list [] []
[2017-02-18 13:45:39] my_logger.INFO: Answers list [] []
[2017-02-18 13:46:03] my_logger.INFO: Answers list [] []
[2017-02-18 13:46:37] my_logger.INFO: Answers list [] []
[2017-02-18 13:46:51] my_logger.INFO: Answers list [] []
[2017-02-18 13:48:24] my_logger.INFO: Answers list [] []
[2017-02-18 13:48:39] my_logger.INFO: Answers list [] []
[2017-02-18 13:48:40] my_logger.INFO: Answers list [] []
[2017-02-18 14:11:13] my_logger.INFO: Answers list [] []
[2017-02-18 14:11:46] my_logger.INFO: Answers list [] []
[2017-02-18 14:11:47] my_logger.INFO: Answers list [] []
[2017-02-18 14:18:55] my_logger.INFO: Answers list [] []
[2017-02-18 14:18:55] my_logger.INFO: Answers list [] []
[2017-02-18 14:22:47] my_logger.INFO: Answers list [] []
[2017-02-18 14:22:56] my_logger.INFO: Answers list [] []
[2017-02-18 14:22:57] my_logger.INFO: Answers list [] []
[2017-02-18 14:22:58] my_logger.INFO: Answers list [] []
[2017-02-18 14:22:59] my_logger.INFO: Answers list [] []
[2017-02-18 14:22:59] my_logger.INFO: Answers list [] []
[2017-02-18 14:23:12] my_logger.INFO: Questions list [] []
[2017-02-18 14:23:22] my_logger.INFO: Questions list [] []
[2017-02-18 14:24:02] my_logger.INFO: Questions list [] []
[2017-02-18 14:24:03] my_logger.INFO: Questions list [] []
[2017-02-18 14:24:15] my_logger.INFO: Questions list [] []
[2017-02-18 14:24:16] my_logger.INFO: Questions list [] []
[2017-02-18 14:24:21] my_logger.INFO: Questions list [] []
[2017-02-18 14:24:27] my_logger.INFO: Questions list [] []
[2017-02-18 14:24:27] my_logger.INFO: Questions list [] []
[2017-02-18 14:24:28] my_logger.INFO: Questions list [] []
[2017-02-18 14:24:55] my_logger.INFO: Questions list [] []
[2017-02-18 14:24:59] my_logger.INFO: Questions list [] []
[2017-02-18 14:28:17] my_logger.INFO: Questions list [] []
[2017-02-18 14:28:17] my_logger.INFO: Questions list [] []
[2017-02-18 14:30:21] my_logger.INFO: Questions list [] []
[2017-02-18 14:32:54] my_logger.INFO: Questions list [] []
[2017-02-18 14:33:00] my_logger.INFO: Questions list [] []
[2017-02-18 14:33:40] my_logger.INFO: Questions list [] []
[2017-02-18 14:50:33] my_logger.INFO: Questions list [] []
[2017-02-18 14:50:34] my_logger.INFO: Questions list [] []
[2017-02-18 14:50:39] my_logger.INFO: Questions list [] []
[2017-02-18 14:50:52] my_logger.INFO: Questions list [] []
[2017-02-18 14:50:53] my_logger.INFO: Questions list [] []
[2017-02-18 14:51:03] my_logger.INFO: Questions list [] []
[2017-02-18 14:51:10] my_logger.INFO: Questions list [] []
[2017-02-18 14:52:08] my_logger.INFO: Answers list [] []
[2017-02-18 14:52:28] my_logger.INFO: Answers list [] []
[2017-02-18 14:52:29] my_logger.INFO: Answers list [] []
[2017-02-18 14:52:54] my_logger.INFO: Answers list [] []
[2017-02-18 14:53:34] my_logger.INFO: Answers list [] []
[2017-02-18 14:53:35] my_logger.INFO: Answers list [] []
[2017-02-18 14:53:41] my_logger.INFO: Answers list [] []
[2017-02-18 14:55:50] my_logger.INFO: Answers list [] []
[2017-02-18 14:57:13] my_logger.INFO: Answers list [] []
[2017-02-18 14:57:14] my_logger.INFO: Answers list [] []
[2017-02-18 14:57:44] my_logger.INFO: Answers list [] []
[2017-02-18 14:58:17] my_logger.INFO: Answers list [] []
[2017-02-18 14:58:17] my_logger.INFO: Answers list [] []
[2017-02-18 14:58:26] my_logger.INFO: Answers list [] []
[2017-02-18 14:58:41] my_logger.INFO: Answers list [] []
[2017-02-18 14:58:41] my_logger.INFO: Answers list [] []
[2017-02-18 15:00:23] my_logger.INFO: Answers list [] []
[2017-02-18 15:00:49] my_logger.INFO: Answers list [] []
[2017-02-18 15:00:50] my_logger.INFO: Answers list [] []
[2017-02-18 15:01:15] my_logger.INFO: Answers list [] []
[2017-02-18 15:01:15] my_logger.INFO: Answers list [] []
[2017-02-18 15:02:00] my_logger.INFO: Answers list [] []
[2017-02-18 15:02:52] my_logger.INFO: Answers list [] []
[2017-02-18 15:02:53] my_logger.INFO: Answers list [] []
[2017-02-18 15:03:20] my_logger.INFO: Answers list [] []
[2017-02-18 15:03:21] my_logger.INFO: Answers list [] []
[2017-02-18 15:04:16] my_logger.INFO: Answers list [] []
[2017-02-18 15:09:47] my_logger.INFO: Answers list [] []
[2017-02-18 15:09:48] my_logger.INFO: Answers list [] []
[2017-02-18 15:10:07] my_logger.INFO: Answers list [] []
[2017-02-18 15:10:07] my_logger.INFO: Answers list [] []
[2017-02-18 15:10:50] my_logger.INFO: Answers list [] []
[2017-02-18 15:10:51] my_logger.INFO: Answers list [] []
[2017-02-18 15:10:51] my_logger.INFO: Answers list [] []
[2017-02-18 15:10:56] my_logger.INFO: Answers list [] []
[2017-02-18 15:10:59] my_logger.INFO: Answers list [] []
[2017-02-18 15:11:06] my_logger.INFO: Answers list [] []
[2017-02-18 15:11:13] my_logger.INFO: Answers list [] []
[2017-02-18 15:11:43] my_logger.INFO: Answers list [] []
[2017-02-18 15:11:44] my_logger.INFO: Answers list [] []
[2017-02-18 16:51:29] my_logger.INFO: Questions list [] []
[2017-02-18 16:52:16] my_logger.INFO: Questions list [] []
[2017-02-18 16:52:16] my_logger.INFO: Questions list [] []
[2017-02-18 16:52:38] my_logger.INFO: Questions list [] []
[2017-02-18 16:52:38] my_logger.INFO: Questions list [] []
[2017-02-18 16:53:13] my_logger.INFO: Questions list [] []
[2017-02-18 16:53:13] my_logger.INFO: Questions list [] []
[2017-02-18 16:53:27] my_logger.INFO: Questions list [] []
[2017-02-18 16:53:27] my_logger.INFO: Questions list [] []
[2017-02-18 16:56:24] my_logger.INFO: Questions list [] []
[2017-02-18 16:56:24] my_logger.INFO: Questions list [] []
[2017-02-18 16:57:39] my_logger.INFO: Questions list [] []
[2017-02-18 16:57:39] my_logger.INFO: Questions list [] []
[2017-02-18 16:57:57] my_logger.INFO: Questions list [] []
[2017-02-18 16:57:57] my_logger.INFO: Questions list [] []
[2017-02-18 16:58:56] my_logger.INFO: Questions list [] []
[2017-02-18 16:58:56] my_logger.INFO: Questions list [] []
[2017-02-18 16:59:12] my_logger.INFO: Questions list [] []
[2017-02-18 16:59:15] my_logger.INFO: Questions list [] []
[2017-02-18 16:59:51] my_logger.INFO: Questions list [] []
[2017-02-18 17:00:07] my_logger.INFO: Questions list [] []
[2017-02-18 17:00:08] my_logger.INFO: Questions list [] []
[2017-02-18 17:00:17] my_logger.INFO: Questions list [] []
[2017-02-18 17:00:24] my_logger.INFO: Questions list [] []
[2017-02-18 17:00:25] my_logger.INFO: Questions list [] []
[2017-02-18 17:29:38] my_logger.INFO: Questions list [] []
[2017-02-18 17:29:38] my_logger.INFO: Questions list [] []
[2017-02-18 17:31:19] my_logger.INFO: Questions list [] []
[2017-02-18 17:31:37] my_logger.INFO: Questions list [] []
[2017-02-18 17:31:53] my_logger.INFO: Questions list [] []
[2017-02-18 17:32:01] my_logger.INFO: Questions list [] []
[2017-02-18 17:32:22] my_logger.INFO: Questions list [] []
[2017-02-18 17:32:30] my_logger.INFO: Questions list [] []
[2017-02-18 17:32:38] my_logger.INFO: Questions list [] []
[2017-02-18 17:33:15] my_logger.INFO: Questions list [] []
[2017-02-18 17:33:37] my_logger.INFO: Questions list [] []
[2017-02-18 17:33:49] my_logger.INFO: Questions list [] []
[2017-02-18 17:34:52] my_logger.INFO: Questions list [] []
[2017-02-18 17:35:42] my_logger.INFO: Questions list [] []
[2017-02-18 17:36:11] my_logger.INFO: Questions list [] []
[2017-02-18 17:36:54] my_logger.INFO: Questions list [] []
[2017-02-18 17:37:08] my_logger.INFO: Questions list [] []
[2017-02-18 17:37:08] my_logger.INFO: Questions list [] []
[2017-02-18 17:38:01] my_logger.INFO: Questions list [] []
[2017-02-18 17:38:01] my_logger.INFO: Questions list [] []
[2017-02-18 17:38:05] my_logger.INFO: Questions list [] []
[2017-02-18 17:38:05] my_logger.INFO: Questions list [] []
[2017-02-18 17:38:15] my_logger.INFO: Questions list [] []
[2017-02-18 17:39:59] my_logger.INFO: Questions list [] []
[2017-02-18 17:46:40] my_logger.INFO: Questions list [] []
[2017-02-18 17:46:51] my_logger.INFO: Questions list [] []
[2017-02-18 17:46:53] my_logger.INFO: Questions list [] []
[2017-02-18 17:46:53] my_logger.INFO: Questions list [] []
[2017-02-18 17:46:54] my_logger.INFO: Questions list [] []
[2017-02-18 17:46:55] my_logger.INFO: Questions list [] []
[2017-02-18 17:46:55] my_logger.INFO: Questions list [] []
[2017-02-18 17:46:56] my_logger.INFO: Questions list [] []
[2017-02-18 17:46:56] my_logger.INFO: Questions list [] []
[2017-02-18 17:46:57] my_logger.INFO: Questions list [] []
[2017-02-18 17:46:57] my_logger.INFO: Questions list [] []
[2017-02-18 17:46:58] my_logger.INFO: Questions list [] []
[2017-02-18 17:46:58] my_logger.INFO: Questions list [] []
[2017-02-18 17:46:58] my_logger.INFO: Questions list [] []
[2017-02-18 17:46:59] my_logger.INFO: Questions list [] []
[2017-02-18 17:46:59] my_logger.INFO: Questions list [] []
[2017-02-18 17:47:00] my_logger.INFO: Questions list [] []
[2017-02-18 17:47:00] my_logger.INFO: Questions list [] []
[2017-02-18 17:47:00] my_logger.INFO: Questions list [] []
[2017-02-18 17:47:09] my_logger.INFO: Questions list [] []
[2017-02-18 17:47:24] my_logger.INFO: Questions list [] []
[2017-02-18 17:49:55] my_logger.INFO: Questions list [] []
[2017-02-18 17:50:16] my_logger.INFO: Questions list [] []
[2017-02-18 17:50:48] my_logger.INFO: Questions list [] []
[2017-02-18 17:55:10] my_logger.INFO: Questions list [] []
[2017-02-18 17:55:19] my_logger.INFO: Questions list [] []
[2017-02-18 17:55:21] my_logger.INFO: Questions list [] []
[2017-02-18 17:58:27] my_logger.INFO: Questions list [] []
[2017-02-18 17:58:30] my_logger.INFO: Questions list [] []
[2017-02-18 17:59:41] my_logger.INFO: Questions list [] []
[2017-02-18 18:01:11] my_logger.INFO: Questions list [] []
[2017-02-18 18:01:21] my_logger.INFO: Questions list [] []
[2017-02-18 18:01:31] my_logger.INFO: Questions list [] []
[2017-02-18 18:02:00] my_logger.INFO: Questions list [] []
[2017-02-18 18:02:25] my_logger.INFO: Questions list [] []
[2017-02-18 18:02:27] my_logger.INFO: Questions list [] []
[2017-02-18 18:05:12] my_logger.INFO: Questions list [] []
[2017-02-18 18:07:16] my_logger.INFO: Questions list [] []
[2017-02-18 18:07:27] my_logger.INFO: Questions list [] []
[2017-02-18 18:11:54] my_logger.INFO: Questions list [] []
[2017-02-18 18:11:55] my_logger.INFO: Questions list [] []
[2017-02-18 18:12:14] my_logger.INFO: Questions list [] []
[2017-02-18 18:12:16] my_logger.INFO: Questions list [] []
[2017-02-18 18:12:34] my_logger.INFO: Questions list [] []
[2017-02-18 18:12:37] my_logger.INFO: Questions list [] []
[2017-02-18 18:12:55] my_logger.INFO: Questions list [] []
[2017-02-18 18:13:02] my_logger.INFO: Questions list [] []
[2017-02-18 18:13:06] my_logger.INFO: Questions list [] []
[2017-02-18 18:13:13] my_logger.INFO: Questions list [] []
[2017-02-18 18:15:46] my_logger.INFO: Questions list [] []
[2017-02-18 18:16:09] my_logger.INFO: Questions list [] []
[2017-02-18 18:16:09] my_logger.INFO: Questions list [] []
[2017-02-18 18:17:07] my_logger.INFO: Questions list [] []
[2017-02-18 18:17:07] my_logger.INFO: Questions list [] []
[2017-02-18 18:18:38] my_logger.INFO: Questions list [] []
[2017-02-18 18:18:38] my_logger.INFO: Questions list [] []
[2017-02-18 18:20:56] my_logger.INFO: Questions list [] []
[2017-02-18 18:20:56] my_logger.INFO: Questions list [] []
[2017-02-18 18:23:26] my_logger.INFO: Questions list [] []
[2017-02-18 18:23:26] my_logger.INFO: Questions list [] []
[2017-02-18 18:25:47] my_logger.INFO: Questions list [] []
[2017-02-18 18:25:47] my_logger.INFO: Questions list [] []
[2017-02-18 18:25:53] my_logger.INFO: Questions list [] []
[2017-02-18 18:25:53] my_logger.INFO: Questions list [] []
[2017-02-18 18:26:40] my_logger.INFO: Questions list [] []
[2017-02-18 18:26:40] my_logger.INFO: Questions list [] []
[2017-02-18 18:29:55] my_logger.INFO: Questions list [] []
[2017-02-18 18:29:55] my_logger.INFO: Questions list [] []
[2017-02-18 18:30:59] my_logger.INFO: Questions list [] []
[2017-02-18 18:31:23] my_logger.INFO: Questions list [] []
[2017-02-18 18:32:40] my_logger.INFO: Questions list [] []
[2017-02-18 18:32:46] my_logger.INFO: Questions list [] []
[2017-02-18 18:33:21] my_logger.INFO: Questions list [] []
[2017-02-18 18:33:31] my_logger.INFO: Questions list [] []
[2017-02-18 18:34:12] my_logger.INFO: Questions list [] []
[2017-02-18 18:34:13] my_logger.INFO: Questions list [] []
[2017-02-18 18:34:15] my_logger.INFO: Questions list [] []
[2017-02-18 18:34:16] my_logger.INFO: Questions list [] []
[2017-02-18 18:34:16] my_logger.INFO: Questions list [] []
[2017-02-18 18:34:17] my_logger.INFO: Questions list [] []
[2017-02-18 18:34:17] my_logger.INFO: Questions list [] []
[2017-02-18 18:34:18] my_logger.INFO: Questions list [] []
[2017-02-18 18:34:19] my_logger.INFO: Questions list [] []
[2017-02-18 18:34:20] my_logger.INFO: Questions list [] []
[2017-02-18 18:34:20] my_logger.INFO: Questions list [] []
[2017-02-18 18:34:20] my_logger.INFO: Questions list [] []
[2017-02-18 18:34:21] my_logger.INFO: Questions list [] []
[2017-02-18 18:34:22] my_logger.INFO: Questions list [] []
[2017-02-18 18:34:23] my_logger.INFO: Questions list [] []
[2017-02-18 18:34:23] my_logger.INFO: Questions list [] []
[2017-02-18 18:34:24] my_logger.INFO: Questions list [] []
[2017-02-18 18:34:25] my_logger.INFO: Questions list [] []
[2017-02-18 18:34:26] my_logger.INFO: Questions list [] []
[2017-02-18 18:34:26] my_logger.INFO: Questions list [] []
[2017-02-18 18:34:27] my_logger.INFO: Questions list [] []
[2017-02-18 18:34:27] my_logger.INFO: Questions list [] []
[2017-02-18 18:34:29] my_logger.INFO: Questions list [] []
[2017-02-18 18:34:31] my_logger.INFO: Questions list [] []
[2017-02-18 18:34:33] my_logger.INFO: Questions list [] []
[2017-02-18 18:34:33] my_logger.INFO: Questions list [] []
[2017-02-18 18:34:34] my_logger.INFO: Questions list [] []
[2017-02-18 18:35:09] my_logger.INFO: Questions list [] []
[2017-02-18 18:35:10] my_logger.INFO: Questions list [] []
[2017-02-18 18:35:10] my_logger.INFO: Questions list [] []
[2017-02-18 18:35:10] my_logger.INFO: Questions list [] []
[2017-02-18 18:35:11] my_logger.INFO: Questions list [] []
[2017-02-18 18:35:11] my_logger.INFO: Questions list [] []
[2017-02-18 18:35:12] my_logger.INFO: Questions list [] []
[2017-02-19 09:11:50] my_logger.INFO: Answers list [] []
[2017-02-19 09:12:15] my_logger.INFO: Answers list [] []
[2017-02-19 09:12:16] my_logger.INFO: Answers list [] []
[2017-02-19 09:13:10] my_logger.INFO: Answers list [] []
[2017-02-19 09:13:17] my_logger.INFO: Answers list [] []
[2017-02-19 09:13:50] my_logger.INFO: Answers list [] []
[2017-02-19 09:14:37] my_logger.INFO: Answers list [] []
[2017-02-19 09:15:20] my_logger.INFO: Answers list [] []
[2017-02-19 09:20:56] my_logger.INFO: Answers list [] []
[2017-02-19 09:20:57] my_logger.INFO: Answers list [] []
[2017-02-19 09:21:05] my_logger.INFO: Answers list [] []
[2017-02-19 09:21:34] my_logger.INFO: Answers list [] []
[2017-02-19 09:22:18] my_logger.INFO: Answers list [] []
[2017-02-19 09:22:19] my_logger.INFO: Answers list [] []
[2017-02-19 09:24:02] my_logger.INFO: Answers list [] []
[2017-02-19 09:24:03] my_logger.INFO: Answers list [] []
[2017-02-19 09:24:06] my_logger.INFO: Answers list [] []
[2017-02-19 09:25:04] my_logger.INFO: Answers list [] []
[2017-02-19 09:25:05] my_logger.INFO: Answers list [] []
[2017-02-19 09:25:27] my_logger.INFO: Answers list [] []
[2017-02-19 09:25:29] my_logger.INFO: Answers list [] []
[2017-02-19 09:25:54] my_logger.INFO: Answers list [] []
[2017-02-19 09:26:05] my_logger.INFO: Answers list [] []
[2017-02-19 09:28:20] my_logger.INFO: Answers list [] []
[2017-02-19 09:28:37] my_logger.INFO: Answers list [] []
[2017-02-19 09:28:57] my_logger.INFO: Answers list [] []
[2017-02-19 09:29:17] my_logger.INFO: Answers list [] []
[2017-02-19 09:29:30] my_logger.INFO: Answers list [] []
[2017-02-19 09:29:50] my_logger.INFO: Answers list [] []
[2017-02-19 09:29:51] my_logger.INFO: Answers list [] []
[2017-02-19 09:30:11] my_logger.INFO: Answers list [] []
[2017-02-19 09:30:28] my_logger.INFO: Answers list [] []
[2017-02-19 09:30:53] my_logger.INFO: Answers list [] []
[2017-02-19 09:31:41] my_logger.INFO: Answers list [] []
[2017-02-19 09:31:53] my_logger.INFO: Answers list [] []
[2017-02-19 09:31:58] my_logger.INFO: Answers list [] []
[2017-02-19 09:32:06] my_logger.INFO: Answers list [] []
[2017-02-19 09:32:32] my_logger.INFO: Answers list [] []
[2017-02-19 09:32:54] my_logger.INFO: Answers list [] []
[2017-02-19 09:33:16] my_logger.INFO: Answers list [] []
[2017-02-19 09:34:14] my_logger.INFO: Answers list [] []
[2017-02-19 09:34:18] my_logger.INFO: Answers list [] []
[2017-02-19 09:36:36] my_logger.INFO: Answers list [] []
[2017-02-19 09:36:59] my_logger.INFO: Answers list [] []
[2017-02-19 09:37:05] my_logger.INFO: Answers list [] []
[2017-02-19 09:37:53] my_logger.INFO: Answers list [] []
[2017-02-19 09:37:54] my_logger.INFO: Answers list [] []
[2017-02-19 09:39:16] my_logger.INFO: Answers list [] []
[2017-02-19 09:39:35] my_logger.INFO: Answers list [] []
[2017-02-19 09:48:20] my_logger.INFO: Answers list [] []
[2017-02-19 09:48:35] my_logger.INFO: Answers list [] []
[2017-02-19 09:48:57] my_logger.INFO: Answers list [] []
[2017-02-19 10:02:52] my_logger.INFO: Questions list [] []
[2017-02-19 10:02:52] my_logger.INFO: Answers list [] []
[2017-02-19 10:03:34] my_logger.INFO: Questions list [] []
[2017-02-19 10:03:34] my_logger.INFO: Answers list [] []
[2017-02-19 10:04:39] my_logger.INFO: Questions list [] []
[2017-02-19 10:04:39] my_logger.INFO: Answers list [] []
[2017-02-19 10:05:49] my_logger.INFO: Questions list [] []
[2017-02-19 10:05:49] my_logger.INFO: Answers list [] []
[2017-02-19 10:06:15] my_logger.INFO: Questions list [] []
[2017-02-19 10:06:15] my_logger.INFO: Answers list [] []
[2017-02-19 10:06:34] my_logger.INFO: Questions list [] []
[2017-02-19 10:06:34] my_logger.INFO: Answers list [] []
[2017-02-19 10:06:47] my_logger.INFO: Questions list [] []
[2017-02-19 10:06:47] my_logger.INFO: Questions list [] []
[2017-02-19 10:06:47] my_logger.INFO: Answers list [] []
[2017-02-19 10:06:47] my_logger.INFO: Answers list [] []
[2017-02-19 10:06:56] my_logger.INFO: Answers list [] []
[2017-02-19 10:06:57] my_logger.INFO: Questions list [] []
[2017-02-19 10:06:57] my_logger.INFO: Answers list [] []
[2017-02-19 10:06:57] my_logger.INFO: Questions list [] []
[2017-02-19 10:07:18] my_logger.INFO: Questions list [] []
[2017-02-19 10:07:18] my_logger.INFO: Answers list [] []
[2017-02-19 11:05:59] my_logger.INFO: Answers list [] []
[2017-02-19 11:05:59] my_logger.INFO: Questions list [] []
[2017-02-19 11:06:06] my_logger.INFO: Answers list [] []
[2017-02-19 11:06:06] my_logger.INFO: Questions list [] []
[2017-02-19 11:06:06] my_logger.INFO: Answers list [] []
[2017-02-19 11:06:06] my_logger.INFO: Questions list [] []
[2017-02-19 11:06:48] my_logger.INFO: Questions list [] []
[2017-02-19 11:06:48] my_logger.INFO: Answers list [] []
[2017-02-19 11:06:48] my_logger.INFO: Questions list [] []
[2017-02-19 11:06:48] my_logger.INFO: Answers list [] []
[2017-02-19 11:07:32] my_logger.INFO: Answers list [] []
[2017-02-19 11:07:32] my_logger.INFO: Questions list [] []
[2017-02-19 11:08:14] my_logger.INFO: Answers list [] []
[2017-02-19 11:08:14] my_logger.INFO: Questions list [] []
[2017-02-19 11:09:15] my_logger.INFO: Questions list [] []
[2017-02-19 11:09:15] my_logger.INFO: Answers list [] []
[2017-02-19 11:09:33] my_logger.INFO: Questions list [] []
[2017-02-19 11:09:33] my_logger.INFO: Answers list [] []
[2017-02-19 11:10:08] my_logger.INFO: Questions list [] []
[2017-02-19 11:10:08] my_logger.INFO: Answers list [] []
[2017-02-19 11:11:03] my_logger.INFO: Questions list [] []
[2017-02-19 11:11:03] my_logger.INFO: Answers list [] []
[2017-02-19 11:11:48] my_logger.INFO: Questions list [] []
[2017-02-19 11:11:48] my_logger.INFO: Answers list [] []
[2017-02-19 11:12:26] my_logger.INFO: Questions list [] []
[2017-02-19 11:12:26] my_logger.INFO: Answers list [] []
[2017-02-19 11:12:32] my_logger.INFO: Questions list [] []
[2017-02-19 11:12:32] my_logger.INFO: Answers list [] []
[2017-02-19 11:13:04] my_logger.INFO: Questions list [] []
[2017-02-19 11:13:04] my_logger.INFO: Answers list [] []
[2017-02-19 11:13:25] my_logger.INFO: Questions list [] []
[2017-02-19 11:13:25] my_logger.INFO: Answers list [] []
[2017-02-19 11:13:46] my_logger.INFO: Answers list [] []
[2017-02-19 11:13:46] my_logger.INFO: Questions list [] []
[2017-02-19 11:13:52] my_logger.INFO: Questions list [] []
[2017-02-19 11:13:53] my_logger.INFO: Answers list [] []
[2017-02-19 11:13:58] my_logger.INFO: Answers list [] []
[2017-02-19 11:13:58] my_logger.INFO: Questions list [] []
[2017-02-19 11:14:17] my_logger.INFO: Questions list [] []
[2017-02-19 11:14:17] my_logger.INFO: Answers list [] []
[2017-02-19 11:14:22] my_logger.INFO: Questions list [] []
[2017-02-19 11:14:22] my_logger.INFO: Answers list [] []
[2017-02-19 11:15:07] my_logger.INFO: Questions list [] []
[2017-02-19 11:15:07] my_logger.INFO: Answers list [] []
[2017-02-19 11:17:20] my_logger.INFO: Answers list [] []
[2017-02-19 11:17:34] my_logger.INFO: Answers list [] []
[2017-02-19 11:17:34] my_logger.INFO: Questions list [] []
[2017-02-19 11:21:18] my_logger.INFO: Answers list [] []
]
[2017-02-19 11:22:13] my_logger.INFO: Questions list [] []
[2017-02-19 11:22:13] my_logger.INFO: Answers list [] []
[2017-02-19 12:46:03] my_logger.INFO: Answers list [] []
[2017-02-19 12:46:03] my_logger.INFO: Questions list [] []
[2017-02-19 12:46:33] my_logger.INFO: Questions list [] []
[2017-02-19 12:46:33] my_logger.INFO: Answers list [] []
[2017-02-19 12:49:26] my_logger.INFO: Questions list [] []
[2017-02-19 12:49:26] my_logger.INFO: Answers list [] []
[2017-02-19 12:49:40] my_logger.INFO: Questions list [] []
[2017-02-19 12:49:40] my_logger.INFO: Answers list [] []
[2017-02-19 12:49:53] my_logger.INFO: Questions list [] []
[2017-02-19 12:50:30] my_logger.INFO: Questions list [] []
[2017-02-19 12:50:30] my_logger.INFO: Answers list [] []
[2017-02-19 12:52:01] my_logger.INFO: Answers list [] []
[2017-02-19 12:52:01] my_logger.INFO: Questions list [] []
[2017-02-19 12:54:35] my_logger.INFO: Questions list [] []
[2017-02-19 12:54:36] my_logger.INFO: Answers list [] []
[2017-02-19 13:09:18] my_logger.INFO: Questions list [] []
[2017-02-19 13:09:18] my_logger.INFO: Answers list [] []
[2017-02-19 18:02:15] my_logger.INFO: Questions list [] []
[2017-02-19 18:02:15] my_logger.INFO: Answers list [] []
[2017-02-19 18:02:22] my_logger.INFO: Questions list [] []
[2017-02-19 18:02:22] my_logger.INFO: Answers list [] []
[2017-02-19 18:07:07] my_logger.INFO: Answers list [] []
[2017-02-19 18:07:07] my_logger.INFO: Questions list [] []
[2017-02-19 18:08:25] my_logger.INFO: Answers list [] []
[2017-02-19 18:08:25] my_logger.INFO: Questions list [] []
[2017-02-19 18:08:47] my_logger.INFO: Questions list [] []
[2017-02-19 18:08:47] my_logger.INFO: Answers list [] []
[2017-02-19 18:09:37] my_logger.INFO: Questions list [] []
[2017-02-19 18:09:37] my_logger.INFO: Answers list [] []
[2017-02-19 18:09:50] my_logger.INFO: Questions list [] []
[2017-02-19 18:09:50] my_logger.INFO: Answers list [] []
[2017-02-19 18:12:58] my_logger.INFO: Questions list [] []
[2017-02-19 18:12:58] my_logger.INFO: Answers list [] []
[2017-02-19 18:13:27] my_logger.INFO: Questions list [] []
[2017-02-19 18:13:27] my_logger.INFO: Answers list [] []
[2017-02-19 18:15:33] my_logger.INFO: Answers list [] []
[2017-02-19 18:15:33] my_logger.INFO: Questions list [] []
[2017-02-19 18:15:48] my_logger.INFO: Questions list [] []
[2017-02-19 18:15:48] my_logger.INFO: Answers list [] []
[2017-02-19 18:18:00] my_logger.INFO: Answers list [] []
[2017-02-19 18:18:00] my_logger.INFO: Questions list [] []
[2017-02-19 18:18:05] my_logger.INFO: Questions list [] []
[2017-02-19 18:18:05] my_logger.INFO: Answers list [] []
[2017-02-19 18:18:30] my_logger.INFO: Questions list [] []
[2017-02-19 18:18:30] my_logger.INFO: Answers list [] []
[2017-02-19 18:19:37] my_logger.INFO: Questions list [] []
[2017-02-19 18:19:37] my_logger.INFO: Answers list [] []
[2017-02-19 18:21:09] my_logger.INFO: Questions list [] []
[2017-02-19 18:21:09] my_logger.INFO: Answers list [] []
[2017-02-19 18:21:16] my_logger.INFO: Questions list [] []
[2017-02-19 18:21:16] my_logger.INFO: Answers list [] []
[2017-02-19 18:22:16] my_logger.INFO: Questions list [] []
[2017-02-19 18:22:16] my_logger.INFO: Answers list [] []
[2017-02-19 18:24:16] my_logger.INFO: Questions list [] []
[2017-02-19 18:24:16] my_logger.INFO: Answers list [] []
[2017-02-19 18:24:49] my_logger.INFO: Questions list [] []
[2017-02-19 18:24:49] my_logger.INFO: Answers list [] []
[2017-02-19 18:26:09] my_logger.INFO: Answers list [] []
[2017-02-19 18:26:09] my_logger.INFO: Questions list [] []
[2017-02-19 18:26:56] my_logger.INFO: Questions list [] []
[2017-02-19 18:26:56] my_logger.INFO: Answers list [] []
[2017-02-19 18:27:03] my_logger.INFO: Questions list [] []
[2017-02-19 18:27:03] my_logger.INFO: Answers list [] []
[2017-02-19 18:27:37] my_logger.INFO: Questions list [] []
[2017-02-19 18:27:37] my_logger.INFO: Answers list [] []
[2017-02-19 18:27:53] my_logger.INFO: Answers list [] []
[2017-02-19 18:27:53] my_logger.INFO: Questions list [] []
[2017-02-19 18:28:13] my_logger.INFO: Questions list [] []
[2017-02-19 18:28:13] my_logger.INFO: Answers list [] []
[2017-02-19 18:28:23] my_logger.INFO: Questions list [] []
[2017-02-19 18:28:24] my_logger.INFO: Answers list [] []
[2017-02-19 18:28:43] my_logger.INFO: Questions list [] []
[2017-02-19 18:28:43] my_logger.INFO: Answers list [] []
[2017-02-19 18:28:57] my_logger.INFO: Questions list [] []
[2017-02-19 18:28:57] my_logger.INFO: Answers list [] []
[2017-02-19 18:52:23] my_logger.INFO: Answers list [] []
[2017-02-19 18:52:23] my_logger.INFO: Questions list [] []
[2017-02-19 18:57:22] my_logger.INFO: Questions list [] []
[2017-02-19 18:57:22] my_logger.INFO: Answers list [] []
[2017-02-19 18:57:36] my_logger.INFO: Questions list [] []
[2017-02-19 18:57:36] my_logger.INFO: Answers list [] []
[2017-02-19 18:57:43] my_logger.INFO: Questions list [] []
[2017-02-19 18:57:43] my_logger.INFO: Answers list [] []
[2017-02-19 18:58:32] my_logger.INFO: Questions list [] []
[2017-02-19 18:58:32] my_logger.INFO: Answers list [] []
[2017-02-19 18:59:12] my_logger.INFO: Questions list [] []
[2017-02-19 18:59:12] my_logger.INFO: Answers list [] []
[2017-02-19 19:00:14] my_logger.INFO: Questions list [] []
[2017-02-19 19:00:14] my_logger.INFO: Answers list [] []
[2017-02-19 19:00:35] my_logger.INFO: Questions list [] []
[2017-02-19 19:00:35] my_logger.INFO: Answers list [] []
[2017-02-19 19:01:06] my_logger.INFO: Questions list [] []
[2017-02-19 19:01:06] my_logger.INFO: Answers list [] []
[2017-02-19 19:01:47] my_logger.INFO: Questions list [] []
[2017-02-19 19:01:47] my_logger.INFO: Answers list [] []
[2017-02-19 19:01:56] my_logger.INFO: Answers list [] []
[2017-02-19 19:01:56] my_logger.INFO: Questions list [] []
[2017-02-19 19:02:16] my_logger.INFO: Questions list [] []
[2017-02-19 19:02:16] my_logger.INFO: Answers list [] []
[2017-02-19 19:02:42] my_logger.INFO: Questions list [] []
[2017-02-19 19:02:42] my_logger.INFO: Answers list [] []
[2017-02-19 19:03:51] my_logger.INFO: Questions list [] []
[2017-02-19 19:03:51] my_logger.INFO: Answers list [] []
[2017-02-19 19:04:08] my_logger.INFO: Questions list [] []
[2017-02-19 19:04:08] my_logger.INFO: Answers list [] []
[2017-02-19 19:05:11] my_logger.INFO: Answers list [] []
[2017-02-19 19:05:11] my_logger.INFO: Questions list [] []
[2017-02-19 19:05:26] my_logger.INFO: Questions list [] []
[2017-02-19 19:05:26] my_logger.INFO: Answers list [] []
[2017-02-19 19:05:57] my_logger.INFO: Questions list [] []
[2017-02-19 19:05:57] my_logger.INFO: Answers list [] []
[2017-02-19 19:06:11] my_logger.INFO: Questions list [] []
[2017-02-19 19:06:11] my_logger.INFO: Answers list [] []
[2017-02-19 19:06:29] my_logger.INFO: Questions list [] []
[2017-02-19 19:06:29] my_logger.INFO: Answers list [] []
[2017-02-19 19:07:29] my_logger.INFO: Answers list [] []
[2017-02-19 19:07:29] my_logger.INFO: Questions list [] []
[2017-02-19 19:07:44] my_logger.INFO: Questions list [] []
[2017-02-19 19:07:44] my_logger.INFO: Answers list [] []
[2017-02-19 19:08:49] my_logger.INFO: Questions list [] []
[2017-02-19 19:08:49] my_logger.INFO: Answers list [] []
[2017-02-19 19:09:16] my_logger.INFO: Questions list [] []
[2017-02-19 19:09:16] my_logger.INFO: Answers list [] []
[2017-02-19 19:28:29] my_logger.INFO: Questions list [] []
[2017-02-19 19:28:29] my_logger.INFO: Answers list [] []
[2017-02-19 19:32:50] my_logger.INFO: Questions list [] []
[2017-02-19 19:32:50] my_logger.INFO: Answers list [] []
[2017-02-19 19:33:34] my_logger.INFO: Questions list [] []
[2017-02-19 19:33:34] my_logger.INFO: Answers list [] []
[2017-02-19 19:34:00] my_logger.INFO: Questions list [] []
[2017-02-19 19:34:00] my_logger.INFO: Answers list [] []
[2017-02-19 19:34:27] my_logger.INFO: Answers list [] []
[2017-02-19 19:34:27] my_logger.INFO: Questions list [] []
[2017-02-19 19:34:49] my_logger.INFO: Questions list [] []
[2017-02-19 19:34:49] my_logger.INFO: Answers list [] []
[2017-02-19 19:35:16] my_logger.INFO: Questions list [] []
[2017-02-19 19:35:16] my_logger.INFO: Answers list [] []
[2017-02-19 19:40:11] my_logger.INFO: Answers list [] []
[2017-02-19 19:40:11] my_logger.INFO: Questions list [] []
[2017-02-19 19:40:40] my_logger.INFO: Questions list [] []
[2017-02-19 19:40:40] my_logger.INFO: Answers list [] []
[2017-02-19 19:40:47] my_logger.INFO: Questions list [] []
[2017-02-19 19:40:47] my_logger.INFO: Answers list [] []
[2017-02-19 19:42:43] my_logger.INFO: Questions list [] []
[2017-02-19 19:42:43] my_logger.INFO: Answers list [] []
[2017-02-19 19:42:49] my_logger.INFO: Questions list [] []
[2017-02-19 19:42:49] my_logger.INFO: Answers list [] []
[2017-02-19 19:50:49] my_logger.INFO: Answers list [] []
[2017-02-19 19:50:49] my_logger.INFO: Questions list [] []
[2017-02-19 19:51:19] my_logger.INFO: Answers list [] []
[2017-02-19 19:51:19] my_logger.INFO: Questions list [] []
[2017-02-19 19:51:52] my_logger.INFO: Questions list [] []
[2017-02-19 19:51:52] my_logger.INFO: Answers list [] []
[2017-02-19 19:52:58] my_logger.INFO: Questions list [] []
[2017-02-19 19:52:58] my_logger.INFO: Answers list [] []
[2017-02-19 19:53:40] my_logger.INFO: Answers list [] []
[2017-02-19 19:53:40] my_logger.INFO: Questions list [] []
[2017-02-19 19:54:27] my_logger.INFO: Questions list [] []
[2017-02-19 19:54:27] my_logger.INFO: Answers list [] []
[2017-02-19 19:54:46] my_logger.INFO: Questions list [] []
[2017-02-19 19:54:46] my_logger.INFO: Answers list [] []
[2017-02-19 19:54:49] my_logger.INFO: Answers list [] []
[2017-02-19 19:54:49] my_logger.INFO: Questions list [] []
[2017-02-19 19:55:03] my_logger.INFO: Questions list [] []
[2017-02-19 19:55:03] my_logger.INFO: Answers list [] []
[2017-02-19 19:55:24] my_logger.INFO: Questions list [] []
[2017-02-19 19:55:24] my_logger.INFO: Answers list [] []
[2017-02-19 19:55:26] my_logger.INFO: Questions list [] []
[2017-02-19 19:55:27] my_logger.INFO: Questions list [] []
[2017-02-19 19:55:28] my_logger.INFO: Questions list [] []
[2017-02-19 19:55:28] my_logger.INFO: Questions list [] []
[2017-02-19 19:55:29] my_logger.INFO: Questions list [] []
[2017-02-19 19:55:29] my_logger.INFO: Questions list [] []
[2017-02-19 19:55:30] my_logger.INFO: Questions list [] []
[2017-02-19 19:55:30] my_logger.INFO: Questions list [] []
[2017-02-19 19:55:30] my_logger.INFO: Questions list [] []
[2017-02-19 19:55:30] my_logger.INFO: Questions list [] []
[2017-02-19 19:55:31] my_logger.INFO: Questions list [] []
[2017-02-19 19:55:31] my_logger.INFO: Questions list [] []
[2017-02-19 19:55:32] my_logger.INFO: Questions list [] []
[2017-02-19 19:55:34] my_logger.INFO: Questions list [] []
[2017-02-19 19:55:34] my_logger.INFO: Answers list [] []
[2017-02-19 19:55:35] my_logger.INFO: Questions list [] []
[2017-02-19 19:55:36] my_logger.INFO: Questions list [] []
[2017-02-19 19:55:36] my_logger.INFO: Questions list [] []
[2017-02-19 19:55:37] my_logger.INFO: Questions list [] []
[2017-02-19 19:55:39] my_logger.INFO: Questions list [] []
[2017-02-19 20:11:28] my_logger.INFO: Questions list [] []
[2017-02-19 20:11:28] my_logger.INFO: Answers list [] []
[2017-02-19 20:11:38] my_logger.INFO: Answers list [] []
[2017-02-19 20:11:40] my_logger.INFO: Answers list [] []
[2017-02-19 20:11:45] my_logger.INFO: Answers list [] []
[2017-02-19 20:27:04] my_logger.INFO: Answers list [] []
[2017-02-19 20:27:04] my_logger.INFO: Questions list [] []
[2017-02-19 20:28:18] my_logger.INFO: Answers list [] []
[2017-02-19 20:28:18] my_logger.INFO: Questions list [] []
[2017-02-19 20:30:36] my_logger.INFO: Questions list [] []
[2017-02-19 20:30:36] my_logger.INFO: Answers list [] []
[2017-02-19 20:32:37] my_logger.INFO: Answer save [] []
[2017-02-19 20:33:08] my_logger.INFO: Answer save [] []
[2017-02-19 20:34:26] my_logger.INFO: Questions list [] []
[2017-02-19 20:34:26] my_logger.INFO: Answers list [] []
[2017-02-19 20:34:28] my_logger.INFO: Answer save [] []
[2017-02-19 20:34:35] my_logger.INFO: Questions list [] []
[2017-02-19 20:34:35] my_logger.INFO: Answers list [] []
[2017-02-19 20:37:08] my_logger.INFO: Questions list [] []
[2017-02-19 20:37:08] my_logger.INFO: Answers list [] []
[2017-02-19 20:45:05] my_logger.INFO: Questions list [] []
[2017-02-19 20:45:05] my_logger.INFO: Answers list [] []
[2017-02-19 20:45:45] my_logger.INFO: Questions list [] []
[2017-02-19 20:45:45] my_logger.INFO: Answers list [] []
[2017-02-19 20:46:53] my_logger.INFO: Questions list [] []
[2017-02-19 20:46:53] my_logger.INFO: Answers list [] []
[2017-02-19 20:50:03] my_logger.INFO: Answers list [] []
[2017-02-19 20:50:03] my_logger.INFO: Questions list [] []
[2017-02-19 20:50:20] my_logger.INFO: Questions list [] []
[2017-02-19 20:50:20] my_logger.INFO: Answers list [] []
[2017-02-19 20:51:03] my_logger.INFO: Answers list [] []
[2017-02-19 20:51:03] my_logger.INFO: Questions list [] []
[2017-02-19 20:51:18] my_logger.INFO: Questions list [] []
[2017-02-19 20:51:18] my_logger.INFO: Answers list [] []
[2017-02-19 20:51:27] my_logger.INFO: Questions list [] []
[2017-02-19 20:51:27] my_logger.INFO: Answers list [] []
[2017-02-19 20:52:45] my_logger.INFO: Questions list [] []
[2017-02-19 20:52:45] my_logger.INFO: Answers list [] []
[2017-02-19 20:53:01] my_logger.INFO: Questions list [] []
[2017-02-19 20:53:01] my_logger.INFO: Answers list [] []
[2017-02-19 21:17:09] my_logger.INFO: Questions list [] []
[2017-02-19 21:17:09] my_logger.INFO: Answers list [] []
[2017-02-19 21:26:27] my_logger.INFO: Questions list [] []
[2017-02-19 21:26:27] my_logger.INFO: Answers list [] []
[2017-02-19 21:26:37] my_logger.INFO: Answer save [] []
[2017-02-19 21:26:58] my_logger.INFO: Answer save [] []
[2017-02-19 21:27:40] my_logger.INFO: Questions list [] []
[2017-02-19 21:27:40] my_logger.INFO: Answers list [] []
[2017-02-19 21:27:58] my_logger.INFO: Answer save [] []
[2017-02-19 21:28:01] my_logger.INFO: Answers list [] []
[2017-02-19 21:28:01] my_logger.INFO: Questions list [] []
[2017-02-19 21:28:15] my_logger.INFO: Questions list [] []
[2017-02-19 21:28:15] my_logger.INFO: Answers list [] []
[2017-02-19 21:28:20] my_logger.INFO: Answer save [] []
[2017-02-19 21:30:23] my_logger.INFO: Answers list [] []
[2017-02-19 21:30:23] my_logger.INFO: Questions list [] []
[2017-02-19 21:30:28] my_logger.INFO: Answer save [] []
[2017-02-19 21:31:19] my_logger.INFO: Questions list [] []
[2017-02-19 21:31:19] my_logger.INFO: Answers list [] []
[2017-02-19 21:31:52] my_logger.INFO: Answer save [] []
[2017-02-19 21:32:46] my_logger.INFO: Questions list [] []
[2017-02-19 21:32:46] my_logger.INFO: Answers list [] []
[2017-02-19 21:32:50] my_logger.INFO: Answer save [] []
[2017-02-19 21:32:57] my_logger.INFO: Questions list [] []
[2017-02-19 21:32:57] my_logger.INFO: Answers list [] []
[2017-02-19 21:33:07] my_logger.INFO: Questions list [] []
[2017-02-19 21:33:07] my_logger.INFO: Answers list [] []
[2017-02-19 21:33:30] my_logger.INFO: Questions list [] []
[2017-02-19 21:33:30] my_logger.INFO: Answers list [] []
[2017-02-19 21:33:31] my_logger.INFO: Answer save [] []
[2017-02-19 21:33:33] my_logger.INFO: Answer save [] []
[2017-02-19 21:33:34] my_logger.INFO: Answer save [] []
[2017-02-19 21:33:35] my_logger.INFO: Answer save [] []
[2017-02-19 21:33:36] my_logger.INFO: Answer save [] []
[2017-02-19 21:33:36] my_logger.INFO: Answer save [] []
[2017-02-19 21:33:39] my_logger.INFO: Answer save [] []
[2017-02-19 21:33:45] my_logger.INFO: Questions list [] []
[2017-02-19 21:33:45] my_logger.INFO: Answers list [] []
[2017-02-19 21:34:23] my_logger.INFO: Answer save [] []
[2017-02-19 21:34:40] my_logger.INFO: Answer save [] []
[2017-02-19 21:34:42] my_logger.INFO: Questions list [] []
[2017-02-19 21:34:43] my_logger.INFO: Answers list [] []
[2017-02-19 21:34:48] my_logger.INFO: Answer save [] []
[2017-02-19 21:35:07] my_logger.INFO: Answer save [] []
[2017-02-19 21:35:08] my_logger.INFO: Answer save [] []
[2017-02-19 21:35:08] my_logger.INFO: Answer save [] []
[2017-02-19 21:35:09] my_logger.INFO: Answer save [] []
[2017-02-19 21:35:09] my_logger.INFO: Answer save [] []
[2017-02-19 21:35:10] my_logger.INFO: Answer save [] []
[2017-02-19 21:35:12] my_logger.INFO: Questions list [] []
[2017-02-19 21:35:12] my_logger.INFO: Answers list [] []
[2017-02-19 21:35:18] my_logger.INFO: Answer save [] []
[2017-02-19 21:35:20] my_logger.INFO: Questions list [] []
[2017-02-19 21:35:20] my_logger.INFO: Answers list [] []
[2017-02-19 21:35:22] my_logger.INFO: Answer save [] []
[2017-02-19 21:35:24] my_logger.INFO: Questions list [] []
[2017-02-19 21:35:24] my_logger.INFO: Answers list [] []
[2017-02-19 21:36:12] my_logger.INFO: Questions list [] []
[2017-02-19 21:36:12] my_logger.INFO: Answers list [] []
[2017-02-19 21:36:14] my_logger.INFO: Answer save [] []
[2017-02-19 21:37:02] my_logger.INFO: Questions list [] []
[2017-02-19 21:37:03] my_logger.INFO: Answers list [] []
[2017-02-19 21:37:04] my_logger.INFO: Answer save [] []
[2017-02-19 21:37:04] my_logger.INFO: Questions list [] []
[2017-02-19 21:37:08] my_logger.INFO: Answer save [] []
[2017-02-19 21:37:09] my_logger.INFO: Questions list [] []
[2017-02-19 21:38:41] my_logger.INFO: Questions list [] []
[2017-02-19 21:38:41] my_logger.INFO: Answers list [] []
[2017-02-19 21:38:42] my_logger.INFO: Answer save [] []
[2017-02-19 21:38:45] my_logger.INFO: Answer save [] []
[2017-02-19 21:38:49] my_logger.INFO: Questions list [] []
[2017-02-19 21:38:49] my_logger.INFO: Answers list [] []
[2017-02-19 21:39:15] my_logger.INFO: Answer save [] []
[2017-02-19 21:39:48] my_logger.INFO: Answer save [] []
[2017-02-19 21:40:09] my_logger.INFO: Questions list [] []
[2017-02-19 21:40:09] my_logger.INFO: Answers list [] []
[2017-02-19 21:40:12] my_logger.INFO: Questions list [] []
[2017-02-19 21:40:12] my_logger.INFO: Answers list [] []
[2017-02-19 21:40:13] my_logger.INFO: Answer save [] []
[2017-02-19 21:40:28] my_logger.INFO: Answers list [] []
[2017-02-19 21:40:29] my_logger.INFO: Questions list [] []
[2017-02-19 21:40:29] my_logger.INFO: Answer save [] []
[2017-02-19 21:40:33] my_logger.INFO: Questions list [] []
[2017-02-19 21:40:33] my_logger.INFO: Answers list [] []
[2017-02-19 21:40:37] my_logger.INFO: Answers list [] []
[2017-02-19 21:40:38] my_logger.INFO: Questions list [] []
[2017-02-19 21:40:41] my_logger.INFO: Answers list [] []
[2017-02-19 21:40:41] my_logger.INFO: Questions list [] []
[2017-02-19 21:40:43] my_logger.INFO: Answer save [] []
[2017-02-19 21:40:45] my_logger.INFO: Answers list [] []
[2017-02-19 21:40:45] my_logger.INFO: Questions list [] []
[2017-02-19 21:40:46] my_logger.INFO: Answer save [] []
[2017-02-19 21:40:49] my_logger.INFO: Questions list [] []
[2017-02-19 21:40:49] my_logger.INFO: Answers list [] []
[2017-02-19 21:41:13] my_logger.INFO: Answer save [] []
[2017-02-19 21:41:14] my_logger.INFO: Answer save [] []
[2017-02-19 21:41:15] my_logger.INFO: Answer save [] []
[2017-02-19 21:41:16] my_logger.INFO: Answer save [] []
[2017-02-19 21:45:48] my_logger.INFO: Questions list [] []
[2017-02-19 21:45:48] my_logger.INFO: Answers list [] []
[2017-02-19 21:47:11] my_logger.INFO: Questions list [] []
[2017-02-19 21:47:11] my_logger.INFO: Answers list [] []
[2017-02-19 21:47:36] my_logger.INFO: Questions list [] []
[2017-02-19 21:47:36] my_logger.INFO: Answers list [] []
[2017-02-19 21:47:38] my_logger.INFO: Answer save [] []
[2017-02-19 21:47:38] my_logger.INFO: Answers list [] []
[2017-02-19 21:48:01] my_logger.INFO: Answer save [] []
[2017-02-19 21:48:01] my_logger.INFO: Answers list [] []
[2017-02-19 21:48:04] my_logger.INFO: Questions list [] []
[2017-02-19 21:48:04] my_logger.INFO: Answers list [] []
[2017-02-19 21:48:06] my_logger.INFO: Answer save [] []
[2017-02-19 21:48:06] my_logger.INFO: Answers list [] []
[2017-02-19 21:48:22] my_logger.INFO: Answer save [] []
[2017-02-19 21:50:21] my_logger.INFO: Answers list [] []
[2017-02-19 21:50:23] my_logger.INFO: Questions list [] []
[2017-02-19 21:50:23] my_logger.INFO: Answers list [] []
[2017-02-19 21:50:24] my_logger.INFO: Answer save [] []
[2017-02-19 21:50:26] my_logger.INFO: Answers list [] []
[2017-02-19 21:50:34] my_logger.INFO: Questions list [] []
[2017-02-19 21:50:34] my_logger.INFO: Answers list [] []
[2017-02-19 21:50:36] my_logger.INFO: Answer save [] []
[2017-02-19 21:50:39] my_logger.INFO: Answers list [] []
[2017-02-19 21:51:32] my_logger.INFO: Answer save [] []
[2017-02-19 21:51:32] my_logger.INFO: Answers list [] []
[2017-02-19 21:51:33] my_logger.INFO: Answer save [] []
[2017-02-19 21:51:33] my_logger.INFO: Answers list [] []
[2017-02-19 21:51:36] my_logger.INFO: Questions list [] []
[2017-02-19 21:51:36] my_logger.INFO: Answers list [] []
[2017-02-19 21:51:39] my_logger.INFO: Questions list [] []
[2017-02-19 21:51:41] my_logger.INFO: Answer save [] []
[2017-02-19 21:51:41] my_logger.INFO: Answers list [] []
[2017-02-19 21:51:43] my_logger.INFO: Questions list [] []
[2017-02-19 21:51:43] my_logger.INFO: Answers list [] []
[2017-02-19 21:51:45] my_logger.INFO: Answer save [] []
[2017-02-19 21:51:45] my_logger.INFO: Answers list [] []
[2017-02-19 21:51:47] my_logger.INFO: Questions list [] []
[2017-02-19 21:51:47] my_logger.INFO: Answers list [] []
[2017-02-19 21:52:46] my_logger.INFO: Answer save [] []
[2017-02-19 21:52:46] my_logger.INFO: Answers list [] []
[2017-02-19 21:54:44] my_logger.INFO: Questions list [] []
[2017-02-19 21:54:44] my_logger.INFO: Answers list [] []
[2017-02-19 21:55:39] my_logger.INFO: Answers list [] []
[2017-02-19 21:55:39] my_logger.INFO: Questions list [] []
[2017-02-19 21:55:44] my_logger.INFO: Questions list [] []
[2017-02-19 21:55:44] my_logger.INFO: Answers list [] []
[2017-02-19 21:55:53] my_logger.INFO: Answers list [] []
[2017-02-19 21:55:53] my_logger.INFO: Questions list [] []
[2017-02-19 21:55:55] my_logger.INFO: Answer save [] []
[2017-02-19 21:55:55] my_logger.INFO: Answers list [] []
[2017-02-19 21:55:58] my_logger.INFO: Answers list [] []
[2017-02-19 21:55:58] my_logger.INFO: Questions list [] []
[2017-02-19 21:57:32] my_logger.INFO: Answers list [] []
[2017-02-19 21:57:32] my_logger.INFO: Questions list [] []
[2017-02-19 21:57:51] my_logger.INFO: Answers list [] []
[2017-02-19 21:57:51] my_logger.INFO: Questions list [] []
[2017-02-19 21:57:52] my_logger.INFO: Answer save [] []
[2017-02-19 21:57:52] my_logger.INFO: Answers list [] []
[2017-02-19 21:58:09] my_logger.INFO: Answers list [] []
[2017-02-19 21:58:09] my_logger.INFO: Questions list [] []
[2017-02-19 21:58:10] my_logger.INFO: Answer save [] []
[2017-02-19 21:58:10] my_logger.INFO: Answers list [] []
[2017-02-19 22:04:07] my_logger.INFO: Questions list [] []
[2017-02-19 22:04:07] my_logger.INFO: Answers list [] []
[2017-02-19 22:04:16] my_logger.INFO: Answers list [] []
[2017-02-19 22:04:16] my_logger.INFO: Questions list [] []
[2017-02-19 22:05:01] my_logger.INFO: Answers list [] []
[2017-02-19 22:05:01] my_logger.INFO: Questions list [] []
[2017-02-19 22:05:08] my_logger.INFO: Questions list [] []
[2017-02-19 22:05:08] my_logger.INFO: Answers list [] []
[2017-02-19 22:05:20] my_logger.INFO: Answer save [] []
[2017-02-19 22:05:20] my_logger.INFO: Answers list [] []
[2017-02-19 22:05:50] my_logger.INFO: Answers list [] []
[2017-02-19 22:05:50] my_logger.INFO: Questions list [] []
[2017-02-19 22:06:01] my_logger.INFO: Answers list [] []
[2017-02-19 22:06:01] my_logger.INFO: Questions list [] []
[2017-02-19 22:06:01] my_logger.INFO: Questions list [] []
[2017-02-19 22:06:01] my_logger.INFO: Answers list [] []
[2017-02-19 22:07:34] my_logger.INFO: Questions list [] []
[2017-02-19 22:07:34] my_logger.INFO: Answers list [] []
[2017-02-19 22:07:39] my_logger.INFO: Questions list [] []
[2017-02-19 22:07:39] my_logger.INFO: Answers list [] []
[2017-02-19 22:07:55] my_logger.INFO: Answers list [] []
[2017-02-19 22:07:55] my_logger.INFO: Questions list [] []
[2017-02-19 22:08:07] my_logger.INFO: Answer save [] []
[2017-02-19 22:08:07] my_logger.INFO: Answers list [] []
[2017-02-19 22:08:10] my_logger.INFO: Answer save [] []
[2017-02-19 22:08:10] my_logger.INFO: Answers list [] []
[2017-02-19 22:08:13] my_logger.INFO: Answer save [] []
[2017-02-19 22:08:13] my_logger.INFO: Answers list [] []
[2017-02-19 22:08:15] my_logger.INFO: Answer save [] []
[2017-02-19 22:08:15] my_logger.INFO: Answers list [] []
[2017-02-19 22:08:16] my_logger.INFO: Answer save [] []
[2017-02-19 22:08:16] my_logger.INFO: Answers list [] []
[2017-02-19 22:15:05] my_logger.INFO: Answers list [] []
[2017-02-19 22:15:05] my_logger.INFO: Questions list [] []
[2017-02-19 22:15:08] my_logger.INFO: Answer save [] []
[2017-02-19 22:15:08] my_logger.INFO: Answers list [] []
[2017-02-19 22:15:10] my_logger.INFO: Answer save [] []
[2017-02-19 22:15:10] my_logger.INFO: Answers list [] []
[2017-02-19 22:15:48] my_logger.INFO: Answers list [] []
[2017-02-19 22:15:48] my_logger.INFO: Questions list [] []
[2017-02-19 22:15:49] my_logger.INFO: Answer save [] []
[2017-02-19 22:15:51] my_logger.INFO: Answer save [] []
[2017-02-19 22:16:20] my_logger.INFO: Answer save [] []
[2017-02-19 22:43:34] my_logger.INFO: Answer save [] []
[2017-02-19 22:43:35] my_logger.INFO: Answer save [] []
[2017-02-19 22:43:48] my_logger.INFO: Questions list [] []
[2017-02-19 22:43:48] my_logger.INFO: Answers list [] []
[2017-02-19 22:43:50] my_logger.INFO: Answer save [] []
[2017-02-19 22:43:51] my_logger.INFO: Answer save [] []
[2017-02-19 22:43:52] my_logger.INFO: Answer save [] []
[2017-02-19 22:43:53] my_logger.INFO: Answer save [] []
[2017-02-19 22:43:53] my_logger.INFO: Answer save [] []
[2017-02-19 22:44:37] my_logger.INFO: Answer save [] []
[2017-02-19 22:44:51] my_logger.INFO: Questions list [] []
[2017-02-19 22:44:51] my_logger.INFO: Answers list [] []
[2017-02-19 22:44:52] my_logger.INFO: Answer save [] []
[2017-02-19 22:44:53] my_logger.INFO: Answer save [] []
[2017-02-19 22:45:12] my_logger.INFO: Answers list [] []
[2017-02-19 22:45:12] my_logger.INFO: Questions list [] []
[2017-02-19 22:45:21] my_logger.INFO: Answer save [] []
[2017-02-19 22:45:23] my_logger.INFO: Answers list [] []
[2017-02-19 22:57:08] my_logger.INFO: Answers list [] []
[2017-02-19 22:57:08] my_logger.INFO: Questions list [] []
[2017-02-19 22:57:14] my_logger.INFO: Answer save [] []
[2017-02-19 22:57:14] my_logger.INFO: Answers list [] []
[2017-02-19 22:57:17] my_logger.INFO: Answer save [] []
[2017-02-19 22:57:17] my_logger.INFO: Answers list [] []
[2017-02-19 22:57:39] my_logger.INFO: Answers list [] []
[2017-02-19 22:57:39] my_logger.INFO: Questions list [] []
[2017-02-19 22:57:42] my_logger.INFO: Answer save [] []
[2017-02-19 22:57:42] my_logger.INFO: Answers list [] []
[2017-02-19 22:57:46] my_logger.INFO: Answer save [] []
[2017-02-19 22:57:46] my_logger.INFO: Answers list [] []
[2017-02-19 22:58:54] my_logger.INFO: Answers list [] []
[2017-02-19 22:58:54] my_logger.INFO: Questions list [] []
[2017-02-19 22:59:03] my_logger.INFO: Questions list [] []
[2017-02-19 22:59:03] my_logger.INFO: Answers list [] []
[2017-02-19 22:59:06] my_logger.INFO: Answer save [] []
[2017-02-19 22:59:06] my_logger.INFO: Answers list [] []
[2017-02-19 22:59:10] my_logger.INFO: Answer save [] []
[2017-02-19 22:59:10] my_logger.INFO: Answers list [] []
[2017-02-19 22:59:14] my_logger.INFO: Answers list [] []
[2017-02-19 22:59:14] my_logger.INFO: Questions list [] []
[2017-02-19 23:00:09] my_logger.INFO: Answers list [] []
[2017-02-19 23:00:09] my_logger.INFO: Questions list [] []
[2017-02-19 23:00:14] my_logger.INFO: Answer save [] []
[2017-02-19 23:00:14] my_logger.INFO: Answers list [] []
[2017-02-19 23:00:15] my_logger.INFO: Answer save [] []
[2017-02-19 23:00:16] my_logger.INFO: Answers list [] []
[2017-02-19 23:01:14] my_logger.INFO: Questions list [] []
[2017-02-19 23:01:14] my_logger.INFO: Answers list [] []
[2017-02-19 23:01:16] my_logger.INFO: Answer save [] []
[2017-02-19 23:01:16] my_logger.INFO: Answers list [] []
[2017-02-19 23:01:17] my_logger.INFO: Answer save [] []
[2017-02-19 23:01:17] my_logger.INFO: Answers list [] []
[2017-02-19 23:01:17] my_logger.INFO: Answer save [] []
[2017-02-19 23:01:17] my_logger.INFO: Answers list [] []
[2017-02-19 23:01:18] my_logger.INFO: Answer save [] []
[2017-02-19 23:01:18] my_logger.INFO: Answers list [] []
[2017-02-19 23:01:19] my_logger.INFO: Answer save [] []
[2017-02-19 23:01:19] my_logger.INFO: Answers list [] []
[2017-02-19 23:01:22] my_logger.INFO: Questions list [] []
[2017-02-19 23:01:22] my_logger.INFO: Answers list [] []
[2017-02-19 23:01:43] my_logger.INFO: Questions list [] []
[2017-02-19 23:01:43] my_logger.INFO: Answers list [] []
[2017-02-19 23:04:40] my_logger.INFO: Answers list [] []
[2017-02-19 23:04:40] my_logger.INFO: Questions list [] []
[2017-02-19 23:05:27] my_logger.INFO: Questions list [] []
[2017-02-19 23:05:27] my_logger.INFO: Answers list [] []
[2017-02-19 23:05:27] my_logger.INFO: Questions list [] []
[2017-02-19 23:06:05] my_logger.INFO: Questions list [] []
[2017-02-19 23:06:05] my_logger.INFO: Answers list [] []
[2017-02-19 23:07:12] my_logger.INFO: Answers list [] []
[2017-02-19 23:07:12] my_logger.INFO: Questions list [] []
[2017-02-19 23:07:16] my_logger.INFO: Answers list [] []
[2017-02-19 23:07:16] my_logger.INFO: Questions list [] []
[2017-02-19 23:07:49] my_logger.INFO: Questions list [] []
[2017-02-19 23:07:49] my_logger.INFO: Answers list [] []
[2017-02-19 23:07:51] my_logger.INFO: Answer save [] []
[2017-02-19 23:08:50] my_logger.INFO: Questions list [] []
[2017-02-19 23:08:50] my_logger.INFO: Answers list [] []
[2017-02-19 23:09:10] my_logger.INFO: Questions list [] []
[2017-02-19 23:09:10] my_logger.INFO: Answers list [] []
[2017-02-19 23:09:14] my_logger.INFO: Questions list [] []
[2017-02-19 23:09:14] my_logger.INFO: Answers list [] []
[2017-02-19 23:09:16] my_logger.INFO: Answer save [] []
[2017-02-19 23:12:59] my_logger.INFO: Answer save [] []
[2017-02-19 23:13:02] my_logger.INFO: Questions list [] []
[2017-02-19 23:13:02] my_logger.INFO: Answers list [] []
[2017-02-19 23:20:27] my_logger.INFO: Answers list [] []
[2017-02-19 23:20:27] my_logger.INFO: Questions list [] []
[2017-02-19 23:20:29] my_logger.INFO: Answer save [] []
[2017-02-19 23:20:30] my_logger.INFO: Answers list [] []
[2017-02-19 23:20:33] my_logger.INFO: Answers list [] []
[2017-02-19 23:20:33] my_logger.INFO: Questions list [] []
[2017-02-19 23:20:34] my_logger.INFO: Answer save [] []
[2017-02-19 23:20:34] my_logger.INFO: Answers list [] []
[2017-02-19 23:20:43] my_logger.INFO: Answers list [] []
[2017-02-19 23:20:43] my_logger.INFO: Questions list [] []
[2017-02-19 23:23:23] my_logger.INFO: Answers list [] []
[2017-02-19 23:23:23] my_logger.INFO: Questions list [] []
[2017-02-19 23:23:26] my_logger.INFO: Answer save [] []
[2017-02-19 23:23:26] my_logger.INFO: Answers list [] []
[2017-02-19 23:23:28] my_logger.INFO: Answer save [] []
[2017-02-19 23:23:28] my_logger.INFO: Answers list [] []
[2017-02-19 23:23:31] my_logger.INFO: Questions list [] []
[2017-02-19 23:23:31] my_logger.INFO: Answers list [] []
[2017-02-19 23:23:32] my_logger.INFO: Answer save [] []
[2017-02-19 23:23:32] my_logger.INFO: Answers list [] []
[2017-02-19 23:27:22] my_logger.INFO: Answers list [] []
[2017-02-19 23:27:22] my_logger.INFO: Questions list [] []
[2017-02-19 23:27:23] my_logger.INFO: Answer save [] []
[2017-02-19 23:27:23] my_logger.INFO: Answers list [] []
[2017-02-19 23:27:25] my_logger.INFO: Answer save [] []
[2017-02-19 23:27:25] my_logger.INFO: Answers list [] []
[2017-02-19 23:27:45] my_logger.INFO: Questions list [] []
[2017-02-19 23:27:45] my_logger.INFO: Answers list [] []
[2017-02-19 23:27:47] my_logger.INFO: Answer save [] []
[2017-02-19 23:27:47] my_logger.INFO: Answers list [] []
[2017-02-19 23:27:49] my_logger.INFO: Answer save [] []
[2017-02-19 23:27:49] my_logger.INFO: Answers list [] []
[2017-02-19 23:27:51] my_logger.INFO: Answer save [] []
[2017-02-19 23:27:51] my_logger.INFO: Answers list [] []
[2017-02-19 23:28:29] my_logger.INFO: Answers list [] []
[2017-02-19 23:28:29] my_logger.INFO: Questions list [] []
[2017-02-19 23:28:29] my_logger.INFO: Answers list [] []
[2017-02-19 23:28:33] my_logger.INFO: Answer save [] []
[2017-02-19 23:28:33] my_logger.INFO: Answers list [] []
[2017-02-19 23:28:50] my_logger.INFO: Answers list [] []
[2017-02-19 23:28:50] my_logger.INFO: Answers list [] []
[2017-02-19 23:28:50] my_logger.INFO: Questions list [] []
[2017-02-19 23:28:53] my_logger.INFO: Answers list [] []
[2017-02-19 23:28:53] my_logger.INFO: Questions list [] []
[2017-02-19 23:28:53] my_logger.INFO: Answers list [] []
[2017-02-19 23:29:17] my_logger.INFO: Questions list [] []
[2017-02-19 23:29:17] my_logger.INFO: Answers list [] []
[2017-02-19 23:29:17] my_logger.INFO: Answers list [] []
[2017-02-19 23:29:40] my_logger.INFO: Answers list [] []
[2017-02-19 23:29:40] my_logger.INFO: Questions list [] []
[2017-02-19 23:29:40] my_logger.INFO: Answers list [] []
[2017-02-19 23:29:44] my_logger.INFO: Answer save [] []
[2017-02-19 23:29:44] my_logger.INFO: Answers list [] []
[2017-02-19 23:29:45] my_logger.INFO: Answer save [] []
[2017-02-19 23:29:45] my_logger.INFO: Answers list [] []
[2017-02-19 23:30:04] my_logger.INFO: Answers list [] []
[2017-02-19 23:30:04] my_logger.INFO: Questions list [] []
[2017-02-19 23:30:06] my_logger.INFO: Answer save [] []
[2017-02-19 23:30:06] my_logger.INFO: Answers list [] []
[2017-02-19 23:30:07] my_logger.INFO: Answer save [] []
[2017-02-19 23:30:07] my_logger.INFO: Answers list [] []
[2017-02-19 23:30:42] my_logger.INFO: Answers list [] []
[2017-02-19 23:30:42] my_logger.INFO: Questions list [] []
[2017-02-19 23:31:38] my_logger.INFO: Questions list [] []
[2017-02-19 23:31:38] my_logger.INFO: Answers list [] []
[2017-02-19 23:31:40] my_logger.INFO: Answer save [] []
[2017-02-19 23:31:40] my_logger.INFO: Answers list [] []
[2017-02-19 23:31:40] my_logger.INFO: Answer save [] []
[2017-02-19 23:31:40] my_logger.INFO: Answers list [] []
[2017-02-19 23:32:33] my_logger.INFO: Questions list [] []
[2017-02-19 23:32:33] my_logger.INFO: Answers list [] []
[2017-02-19 23:32:46] my_logger.INFO: Answers list [] []
[2017-02-19 23:32:46] my_logger.INFO: Answers list [] []
[2017-02-19 23:32:46] my_logger.INFO: Questions list [] []
[2017-02-19 23:33:03] my_logger.INFO: Questions list [] []
[2017-02-19 23:33:03] my_logger.INFO: Answers list [] []
[2017-02-19 23:33:03] my_logger.INFO: Answers list [] []
[2017-02-19 23:33:09] my_logger.INFO: Answers list [] []
[2017-02-19 23:33:09] my_logger.INFO: Answers list [] []
[2017-02-19 23:33:09] my_logger.INFO: Questions list [] []
[2017-02-19 23:33:12] my_logger.INFO: Answer save [] []
[2017-02-19 23:33:12] my_logger.INFO: Answers list [] []
[2017-02-19 23:33:13] my_logger.INFO: Answer save [] []
[2017-02-19 23:33:13] my_logger.INFO: Answers list [] []
[2017-02-19 23:35:33] my_logger.INFO: Answers list [] []
[2017-02-19 23:35:33] my_logger.INFO: Questions list [] []
[2017-02-19 23:35:33] my_logger.INFO: Answers list [] []
[2017-02-19 23:35:56] my_logger.INFO: Answers list [] []
[2017-02-19 23:35:56] my_logger.INFO: Answers list [] []
[2017-02-19 23:35:56] my_logger.INFO: Questions list [] []
[2017-02-19 23:35:59] my_logger.INFO: Answer save [] []
[2017-02-19 23:35:59] my_logger.INFO: Answers list [] []
[2017-02-19 23:37:57] my_logger.INFO: Questions list [] []
[2017-02-19 23:37:57] my_logger.INFO: Questions list [] []
[2017-02-19 23:37:58] my_logger.INFO: Questions list [] []
[2017-02-19 23:37:58] my_logger.INFO: Questions list [] []
[2017-02-19 23:37:58] my_logger.INFO: Questions list [] []
[2017-02-19 23:37:59] my_logger.INFO: Questions list [] []
[2017-02-19 23:37:59] my_logger.INFO: Questions list [] []
[2017-02-19 23:38:00] my_logger.INFO: Questions list [] []
[2017-02-19 23:38:01] my_logger.INFO: Answer save [] []
[2017-02-19 23:38:01] my_logger.INFO: Answers list [] []
[2017-02-19 23:38:02] my_logger.INFO: Answer save [] []
[2017-02-19 23:38:02] my_logger.INFO: Answers list [] []
[2017-02-19 23:39:02] my_logger.INFO: Answers list [] []
[2017-02-19 23:39:02] my_logger.INFO: Questions list [] []
[2017-02-19 23:39:03] my_logger.INFO: Answers list [] []
[2017-02-19 23:39:29] my_logger.INFO: Questions list [] []
[2017-02-19 23:39:29] my_logger.INFO: Answers list [] []
[2017-02-19 23:39:29] my_logger.INFO: Answers list [] []
[2017-02-19 23:39:31] my_logger.INFO: Answer save [] []
[2017-02-19 23:39:31] my_logger.INFO: Answers list [] []
[2017-02-19 23:39:32] my_logger.INFO: Answer save [] []
[2017-02-19 23:39:32] my_logger.INFO: Answers list [] []
[2017-02-19 23:39:44] my_logger.INFO: Questions list [] []
[2017-02-19 23:39:44] my_logger.INFO: Answers list [] []
[2017-02-19 23:39:44] my_logger.INFO: Answers list [] []
[2017-02-19 23:42:12] my_logger.INFO: Answer save [] []
[2017-02-19 23:42:13] my_logger.INFO: Answers list [] []
[2017-02-19 23:43:36] my_logger.INFO: Answer save [] []
[2017-02-19 23:43:37] my_logger.INFO: Answers list [] []
[2017-02-19 23:43:38] my_logger.INFO: Answer save [] []
[2017-02-19 23:43:38] my_logger.INFO: Answers list [] []
[2017-02-19 23:43:52] my_logger.INFO: Answer save [] []
[2017-02-19 23:43:52] my_logger.INFO: Answers list [] []
[2017-02-19 23:45:21] my_logger.INFO: Answers list [] []
[2017-02-19 23:45:21] my_logger.INFO: Questions list [] []
[2017-02-19 23:45:21] my_logger.INFO: Answers list [] []
[2017-02-19 23:45:44] my_logger.INFO: Questions list [] []
[2017-02-19 23:45:44] my_logger.INFO: Answers list [] []
[2017-02-19 23:45:44] my_logger.INFO: Answers list [] []
[2017-02-19 23:46:23] my_logger.INFO: Questions list [] []
[2017-02-19 23:46:23] my_logger.INFO: Answers list [] []
[2017-02-19 23:46:23] my_logger.INFO: Answers list [] []
[2017-02-19 23:46:36] my_logger.INFO: Questions list [] []
[2017-02-19 23:46:36] my_logger.INFO: Answers list [] []
[2017-02-19 23:46:36] my_logger.INFO: Answers list [] []
[2017-02-19 23:47:14] my_logger.INFO: Answers list [] []
[2017-02-19 23:47:14] my_logger.INFO: Questions list [] []
[2017-02-19 23:47:14] my_logger.INFO: Answers list [] []
[2017-02-19 23:47:20] my_logger.INFO: Answer save [] []
[2017-02-19 23:47:20] my_logger.INFO: Answers list [] []
[2017-02-19 23:47:31] my_logger.INFO: Answers list [] []
[2017-02-19 23:47:31] my_logger.INFO: Questions list [] []
[2017-02-19 23:47:31] my_logger.INFO: Answers list [] []
[2017-02-19 23:48:41] my_logger.INFO: Answers list [] []
[2017-02-19 23:48:41] my_logger.INFO: Answers list [] []
[2017-02-19 23:48:41] my_logger.INFO: Questions list [] []
[2017-02-19 23:48:54] my_logger.INFO: Answers list [] []
[2017-02-19 23:48:54] my_logger.INFO: Questions list [] []
[2017-02-19 23:48:54] my_logger.INFO: Answers list [] []
[2017-02-19 23:49:25] my_logger.INFO: Questions list [] []
[2017-02-19 23:49:25] my_logger.INFO: Answers list [] []
[2017-02-19 23:49:25] my_logger.INFO: Answers list [] []
[2017-02-19 23:50:25] my_logger.INFO: Answers list [] []
[2017-02-19 23:50:25] my_logger.INFO: Answers list [] []
[2017-02-19 23:50:25] my_logger.INFO: Questions list [] []
[2017-02-19 23:50:52] my_logger.INFO: Questions list [] []
[2017-02-19 23:50:52] my_logger.INFO: Answers list [] []
[2017-02-19 23:50:52] my_logger.INFO: Answers list [] []
[2017-02-19 23:52:12] my_logger.INFO: Questions list [] []
[2017-02-19 23:52:12] my_logger.INFO: Answers list [] []
[2017-02-19 23:52:12] my_logger.INFO: Answers list [] []
[2017-02-19 23:53:25] my_logger.INFO: Answers list [] []
[2017-02-19 23:53:25] my_logger.INFO: Answers list [] []
[2017-02-19 23:53:25] my_logger.INFO: Questions list [] []
[2017-02-19 23:53:52] my_logger.INFO: Questions list [] []
[2017-02-19 23:53:52] my_logger.INFO: Answers list [] []
[2017-02-19 23:53:52] my_logger.INFO: Answers list [] []
[2017-02-19 23:54:10] my_logger.INFO: Questions list [] []
[2017-02-19 23:54:10] my_logger.INFO: Answers list [] []
[2017-02-19 23:54:10] my_logger.INFO: Answers list [] []
[2017-02-19 23:54:19] my_logger.INFO: Answer save [] []
[2017-02-19 23:54:19] my_logger.INFO: Answers list [] []
[2017-02-19 23:57:55] my_logger.INFO: Answers list [] []
[2017-02-19 23:57:55] my_logger.INFO: Questions list [] []
[2017-02-19 23:57:55] my_logger.INFO: Answers list [] []
[2017-02-19 23:58:27] my_logger.INFO: Answers list [] []
[2017-02-19 23:58:27] my_logger.INFO: Answers list [] []
[2017-02-19 23:58:27] my_logger.INFO: Questions list [] []
[2017-02-19 23:58:35] my_logger.INFO: Questions list [] []
[2017-02-19 23:58:35] my_logger.INFO: Answers list [] []
[2017-02-19 23:58:35] my_logger.INFO: Answers list [] []
[2017-02-19 23:59:06] my_logger.INFO: Answers list [] []
[2017-02-19 23:59:06] my_logger.INFO: Questions list [] []
[2017-02-19 23:59:06] my_logger.INFO: Answers list [] []
[2017-02-19 23:59:11] my_logger.INFO: Answer save [] []
[2017-02-19 23:59:11] my_logger.INFO: Answers list [] []
[2017-02-19 23:59:14] my_logger.INFO: Answer save [] []
[2017-02-19 23:59:14] my_logger.INFO: Answers list [] []
[2017-02-20 00:00:08] my_logger.INFO: Answers list [] []
[2017-02-20 00:00:08] my_logger.INFO: Answers list [] []
[2017-02-20 00:00:08] my_logger.INFO: Questions list [] []
[2017-02-20 00:00:12] my_logger.INFO: Answer save [] []
[2017-02-20 00:00:12] my_logger.INFO: Answers list [] []
[2017-02-20 00:00:17] my_logger.INFO: Answer save [] []
[2017-02-20 00:00:17] my_logger.INFO: Answers list [] []
[2017-02-20 00:01:59] my_logger.INFO: Questions list [] []
[2017-02-20 00:01:59] my_logger.INFO: Answers list [] []
[2017-02-20 00:02:00] my_logger.INFO: Answers list [] []
[2017-02-20 00:02:01] my_logger.INFO: Answer save [] []
[2017-02-20 00:02:01] my_logger.INFO: Answers list [] []
[2017-02-20 00:02:17] my_logger.INFO: Questions list [] []
[2017-02-20 00:02:17] my_logger.INFO: Answers list [] []
[2017-02-20 00:02:17] my_logger.INFO: Answers list [] []
[2017-02-20 00:02:18] my_logger.INFO: Answer save [] []
[2017-02-20 00:02:18] my_logger.INFO: Answers list [] []
[2017-02-20 00:02:20] my_logger.INFO: Answer save [] []
[2017-02-20 00:02:20] my_logger.INFO: Answers list [] []
[2017-02-20 00:03:01] my_logger.INFO: Questions list [] []
[2017-02-20 00:03:01] my_logger.INFO: Answers list [] []
[2017-02-20 00:03:15] my_logger.INFO: Answers list [] []
[2017-02-20 00:03:15] my_logger.INFO: Questions list [] []
[2017-02-20 00:03:25] my_logger.INFO: Answers list [] []
[2017-02-20 00:03:25] my_logger.INFO: Questions list [] []
[2017-02-20 00:03:31] my_logger.INFO: Questions list [] []
[2017-02-20 00:03:31] my_logger.INFO: Answers list [] []
[2017-02-20 00:13:10] my_logger.INFO: Questions list [] []
[2017-02-20 00:13:10] my_logger.INFO: Answers list [] []
[2017-02-20 00:14:37] my_logger.INFO: Questions list [] []
[2017-02-20 00:14:37] my_logger.INFO: Answers list [] []
[2017-02-20 00:15:01] my_logger.INFO: Answers list [] []
[2017-02-20 00:15:01] my_logger.INFO: Questions list [] []
[2017-02-20 00:15:06] my_logger.INFO: Questions list [] []
[2017-02-20 00:15:07] my_logger.INFO: Answers list [] []
[2017-02-20 00:15:25] my_logger.INFO: Questions list [] []
[2017-02-20 00:15:25] my_logger.INFO: Answers list [] []
[2017-02-20 00:15:27] my_logger.INFO: Answer save [] []
[2017-02-20 00:16:20] my_logger.INFO: Questions list [] []
[2017-02-20 00:16:20] my_logger.INFO: Answers list [] []
[2017-02-20 00:16:28] my_logger.INFO: Questions list [] []
[2017-02-20 00:16:28] my_logger.INFO: Answers list [] []
[2017-02-20 00:17:05] my_logger.INFO: Questions list [] []
[2017-02-20 00:17:05] my_logger.INFO: Answers list [] []
[2017-02-20 00:17:16] my_logger.INFO: Questions list [] []
[2017-02-20 00:17:16] my_logger.INFO: Answers list [] []
[2017-02-20 00:17:57] my_logger.INFO: Answers list [] []
[2017-02-20 00:17:57] my_logger.INFO: Questions list [] []
[2017-02-20 00:18:49] my_logger.INFO: Answers list [] []
[2017-02-20 00:18:49] my_logger.INFO: Questions list [] []
[2017-02-20 00:18:49] my_logger.INFO: Answers list [] []
[2017-02-20 00:19:18] my_logger.INFO: Answer save [] []
[2017-02-20 00:19:41] my_logger.INFO: Answers list [] []
[2017-02-20 00:19:41] my_logger.INFO: Questions list [] []
[2017-02-20 00:19:41] my_logger.INFO: Answers list [] []
[2017-02-20 00:19:43] my_logger.INFO: Answer save [] []
[2017-02-20 00:19:46] my_logger.INFO: Answer save [] []
[2017-02-20 00:20:12] my_logger.INFO: Answers list [] []
[2017-02-20 00:20:12] my_logger.INFO: Answers list [] []
[2017-02-20 00:20:12] my_logger.INFO: Questions list [] []
[2017-02-20 00:20:16] my_logger.INFO: Questions list [] []
[2017-02-20 00:20:16] my_logger.INFO: Answers list [] []
[2017-02-20 00:20:30] my_logger.INFO: Answer save [] []
[2017-02-20 00:20:31] my_logger.INFO: Answer save [] []
[2017-02-20 00:20:32] my_logger.INFO: Answer save [] []
[2017-02-20 00:20:59] my_logger.INFO: Questions list [] []
[2017-02-20 00:20:59] my_logger.INFO: Answers list [] []
[2017-02-20 00:21:09] my_logger.INFO: Questions list [] []
[2017-02-20 00:21:09] my_logger.INFO: Answers list [] []
[2017-02-20 00:21:12] my_logger.INFO: Answer save [] []
[2017-02-20 00:21:29] my_logger.INFO: Questions list [] []
[2017-02-20 00:21:30] my_logger.INFO: Answers list [] []
[2017-02-20 00:21:37] my_logger.INFO: Answer save [] []
[2017-02-20 00:21:42] my_logger.INFO: Answer save [] []
[2017-02-20 00:22:04] my_logger.INFO: Questions list [] []
[2017-02-20 00:23:14] my_logger.INFO: Questions list [] []
[2017-02-20 00:23:14] my_logger.INFO: Questions list [] []
[2017-02-20 00:23:47] my_logger.INFO: Questions list [] []
[2017-02-20 00:24:29] my_logger.INFO: Questions list [] []
[2017-02-20 00:24:29] my_logger.INFO: Answers list [] []
[2017-02-20 00:24:34] my_logger.INFO: Answer save [] []
[2017-02-20 00:24:40] my_logger.INFO: Answer save [] []
[2017-02-20 00:24:43] my_logger.INFO: Answers list [] []
[2017-02-20 00:24:43] my_logger.INFO: Questions list [] []
[2017-02-20 00:25:09] my_logger.INFO: Questions list [] []
[2017-02-20 00:25:09] my_logger.INFO: Answers list [] []
[2017-02-20 00:25:11] my_logger.INFO: Answer save [] []
[2017-02-20 00:25:11] my_logger.INFO: Answers list [] []
[2017-02-20 00:25:12] my_logger.INFO: Answer save [] []
[2017-02-20 00:25:12] my_logger.INFO: Answers list [] []
[2017-02-20 00:25:13] my_logger.INFO: Answer save [] []
[2017-02-20 00:25:13] my_logger.INFO: Answers list [] []
[2017-02-20 00:25:14] my_logger.INFO: Answer save [] []
[2017-02-20 00:25:14] my_logger.INFO: Answers list [] []
[2017-02-20 06:20:39] my_logger.INFO: Answer save [] []
[2017-02-20 06:20:39] my_logger.INFO: Answers list [] []
[2017-02-20 06:20:42] my_logger.INFO: Answer save [] []
[2017-02-20 06:20:42] my_logger.INFO: Answers list [] []
[2017-02-20 06:20:45] my_logger.INFO: Answer save [] []
[2017-02-20 06:20:45] my_logger.INFO: Answers list [] []
[2017-02-20 06:20:46] my_logger.INFO: Answer save [] []
[2017-02-20 06:20:46] my_logger.INFO: Answers list [] []
[2017-02-20 06:20:49] my_logger.INFO: Answer save [] []
[2017-02-20 06:20:49] my_logger.INFO: Answers list [] []
[2017-02-20 06:20:49] my_logger.INFO: Answer save [] []
[2017-02-20 06:20:49] my_logger.INFO: Answers list [] []
[2017-02-20 06:20:50] my_logger.INFO: Answer save [] []
[2017-02-20 06:20:50] my_logger.INFO: Answers list [] []
[2017-02-20 06:20:51] my_logger.INFO: Questions list [] []
[2017-02-20 06:20:52] my_logger.INFO: Questions list [] []
[2017-02-20 06:21:25] my_logger.INFO: Questions list [] []
[2017-02-20 06:21:25] my_logger.INFO: Answers list [] []
[2017-02-20 06:21:38] my_logger.INFO: Answers list [] []
[2017-02-20 06:21:38] my_logger.INFO: Questions list [] []
[2017-02-20 06:23:01] my_logger.INFO: Answers list [] []
[2017-02-20 06:23:01] my_logger.INFO: Questions list [] []
[2017-02-20 06:23:07] my_logger.INFO: Answers list [] []
[2017-02-20 06:23:07] my_logger.INFO: Questions list [] []
[2017-02-20 06:24:09] my_logger.INFO: Questions list [] []
[2017-02-20 06:24:09] my_logger.INFO: Answers list [] []
[2017-02-20 06:24:11] my_logger.INFO: Answer save [] []
[2017-02-20 06:24:11] my_logger.INFO: Answers list [] []
[2017-02-20 06:24:13] my_logger.INFO: Answer save [] []
[2017-02-20 06:24:13] my_logger.INFO: Answers list [] []
[2017-02-20 06:24:14] my_logger.INFO: Answer save [] []
[2017-02-20 06:24:14] my_logger.INFO: Answers list [] []
